<?xml version="1.0" encoding="UTF-8"?>
<testng-results ignored="0" total="1" passed="1" failed="0" skipped="0">
  <reporter-output>
  </reporter-output>
  <suite started-at="2023-09-30T15:09:13 IST" name="Default suite" finished-at="2023-09-30T15:09:13 IST" duration-ms="64">
    <groups>
    </groups>
    <test started-at="2023-09-30T15:09:13 IST" name="Default test" finished-at="2023-09-30T15:09:13 IST" duration-ms="64">
      <class name="com.AdminModule.AdminTest">
        <test-method signature="test()[pri:0, instance:com.AdminModule.AdminTest@692f203f]" started-at="2023-09-30T15:09:13 IST" name="test" finished-at="2023-09-30T15:09:13 IST" duration-ms="11" status="PASS">
          <reporter-output>
          </reporter-output>
        </test-method> <!-- test -->
      </class> <!-- com.AdminModule.AdminTest -->
    </test> <!-- Default test -->
  </suite> <!-- Default suite -->
</testng-results>
